<?xml version="1.0" encoding="UTF-8"?>
<!-- Generated by org.testng.reporters.JUnitReportReporter -->
<testsuite skipped="0" hostname="ADBIN0480" name="Tests.LoginTest" tests="1" failures="0" timestamp="2020-08-01T19:17:48 IST" time="1.645" errors="0">
  <testcase name="validLogin" time="1.645" classname="Tests.LoginTest"/>
  <system-out/>
</testsuite> <!-- Tests.LoginTest -->
